09:57:24.804 [main] INFO  com.qa.opencart.factory.WebDriverFactory - clear the cache/cookies 
09:57:24.834 [main] INFO  com.qa.opencart.factory.WebDriverFactory - adding implicit wait 
09:57:24.847 [main] INFO  com.qa.opencart.factory.WebDriverFactory - maximize the window
09:57:25.012 [main] INFO  com.qa.opencart.factory.TestBase - create object for WebDriverWait class
09:57:39.718 [main] INFO  com.qa.opencart.testcase.HomePageTest - Initializing the pgaeclass object
09:57:40.146 [main] INFO  com.qa.opencart.testcase.HomePageTest - Verify the open cart logo
09:57:40.146 [main] INFO  com.qa.opencart.pages.HomePage - Verifying is opencart logo is displayed or not
09:57:40.257 [main] INFO  com.qa.opencart.utils.WebDriverUtils - Element is displayed::[[ChromeDriver: chrome on windows (0167c1a855edd34124cc28090e025ea6)] -> css selector: #logo>a>img]
09:57:40.551 [main] INFO  com.qa.opencart.utils.WebDriverUtils - Title of the page is :: Your Store
09:57:40.597 [main] INFO  com.qa.opencart.testcase.HomePageTest - Verify the open cart Title
09:57:40.610 [main] INFO  com.qa.opencart.utils.WebDriverUtils - Title of the page is :: Your Store
09:57:40.837 [main] INFO  com.qa.opencart.utils.WebDriverUtils - Title of the page is :: Your Store
09:57:40.871 [main] INFO  com.qa.opencart.testcase.HomePageTest - Verify the Feature count test
09:57:40.872 [main] INFO  com.qa.opencart.pages.HomePage - number of featured sections
09:57:41.071 [main] INFO  com.qa.opencart.utils.WebDriverUtils - Title of the page is :: Your Store
09:57:41.106 [main] INFO  com.qa.opencart.testcase.HomePageTest - Navigate to register page
09:57:41.106 [main] INFO  com.qa.opencart.pages.HomePage - Navigating to register page
09:57:41.106 [main] INFO  com.qa.opencart.pages.HomePage - Clicking on MyAccount menu
09:57:48.611 [main] INFO  com.qa.opencart.testcase.HomePageTest - Verify the Registration page
09:57:48.649 [main] INFO  com.qa.opencart.utils.WebDriverUtils - Title of the page is :: Register Account
09:57:48.649 [main] INFO  com.qa.opencart.pages.LoginPage - Click on the Home page icon
09:57:52.115 [main] INFO  com.qa.opencart.utils.WebDriverUtils - Title of the page is :: Your Store
09:57:52.158 [main] INFO  com.qa.opencart.testcase.HomePageTest - Navigate to login page
09:57:52.158 [main] INFO  com.qa.opencart.pages.HomePage - Navigating to login page
09:57:52.158 [main] INFO  com.qa.opencart.pages.HomePage - Clicking on MyAccount menu
09:58:02.211 [main] INFO  com.qa.opencart.testcase.HomePageTest - Verify the login page
09:58:02.216 [main] INFO  com.qa.opencart.utils.WebDriverUtils - Title of the page is :: Account Login
09:58:02.216 [main] INFO  com.qa.opencart.pages.LoginPage - Click on the Home page icon
09:58:06.116 [main] INFO  com.qa.opencart.utils.WebDriverUtils - Title of the page is :: Your Store
15:43:36.807 [main] INFO  com.qa.opencart.factory.WebDriverFactory - clear the cache/cookies 
15:43:36.834 [main] INFO  com.qa.opencart.factory.WebDriverFactory - adding implicit wait 
15:43:36.845 [main] INFO  com.qa.opencart.factory.WebDriverFactory - maximize the window
15:43:36.978 [main] INFO  com.qa.opencart.factory.TestBase - create object for WebDriverWait class
15:43:40.072 [main] INFO  com.qa.opencart.testcase.HomePageTest - Initializing the pageclass object
15:43:40.375 [main] INFO  com.qa.opencart.testcase.HomePageTest - Verify the open cart logo
15:43:40.375 [main] INFO  com.qa.opencart.pages.HomePage - Verifying is opencart logo is displayed or not
15:43:40.447 [main] INFO  com.qa.opencart.utils.WebDriverUtils - Element is displayed::[[ChromeDriver: chrome on windows (7c7d29d7f266510fefa853d2b4a99c36)] -> css selector: #logo>a>img]
15:43:40.742 [main] INFO  com.qa.opencart.utils.WebDriverUtils - Title of the page is :: Your Store
15:43:40.787 [main] INFO  com.qa.opencart.testcase.HomePageTest - Verify the open cart Title
15:43:40.801 [main] INFO  com.qa.opencart.utils.WebDriverUtils - Title of the page is :: Your Store
15:43:41.048 [main] INFO  com.qa.opencart.utils.WebDriverUtils - Title of the page is :: Your Store
15:43:41.086 [main] INFO  com.qa.opencart.testcase.HomePageTest - Verify the Feature count test
15:43:41.086 [main] INFO  com.qa.opencart.pages.HomePage - number of featured sections
15:43:41.279 [main] INFO  com.qa.opencart.utils.WebDriverUtils - Title of the page is :: Your Store
15:43:41.311 [main] INFO  com.qa.opencart.testcase.HomePageTest - Navigate to register page
15:43:41.311 [main] INFO  com.qa.opencart.pages.HomePage - Navigating to register page
15:43:41.311 [main] INFO  com.qa.opencart.pages.HomePage - Clicking on MyAccount menu
15:43:47.138 [main] INFO  com.qa.opencart.testcase.HomePageTest - Verify the Registration page
15:43:47.151 [main] INFO  com.qa.opencart.utils.WebDriverUtils - Title of the page is :: Register Account
15:43:47.151 [main] INFO  com.qa.opencart.pages.RegistrationPage - Click on the home icon
15:43:50.245 [main] INFO  com.qa.opencart.utils.WebDriverUtils - Title of the page is :: Your Store
15:43:50.273 [main] INFO  com.qa.opencart.testcase.HomePageTest - Navigate to login page
15:43:50.273 [main] INFO  com.qa.opencart.pages.HomePage - Navigating to login page
15:43:50.273 [main] INFO  com.qa.opencart.pages.HomePage - Clicking on MyAccount menu
15:43:55.198 [main] INFO  com.qa.opencart.testcase.HomePageTest - Verify the login page
15:43:55.222 [main] INFO  com.qa.opencart.utils.WebDriverUtils - Title of the page is :: Account Login
15:43:55.223 [main] INFO  com.qa.opencart.pages.LoginPage - Click on the Home page icon
15:43:59.708 [main] INFO  com.qa.opencart.utils.WebDriverUtils - Title of the page is :: Your Store
15:44:02.486 [main] INFO  com.qa.opencart.factory.WebDriverFactory - clear the cache/cookies 
15:44:02.503 [main] INFO  com.qa.opencart.factory.WebDriverFactory - adding implicit wait 
15:44:02.509 [main] INFO  com.qa.opencart.factory.WebDriverFactory - maximize the window
15:44:02.634 [main] INFO  com.qa.opencart.factory.TestBase - create object for WebDriverWait class
15:44:05.542 [main] INFO  com.qa.opencart.testcase.LoginPageTest - Initalizing the page object classes
15:44:05.554 [main] INFO  com.qa.opencart.testcase.LoginPageTest - Navigate to Home page
15:44:05.554 [main] INFO  com.qa.opencart.pages.HomePage - Navigating to login page
15:44:05.555 [main] INFO  com.qa.opencart.pages.HomePage - Clicking on MyAccount menu
15:44:10.676 [main] INFO  com.qa.opencart.testcase.LoginPageTest - Wait for login page load
15:44:10.696 [main] INFO  com.qa.opencart.testcase.LoginPageTest - Verifying the Login url
15:44:10.840 [main] INFO  com.qa.opencart.testcase.LoginPageTest - Wait for login page load
15:44:10.853 [main] INFO  com.qa.opencart.testcase.LoginPageTest - Verifying the Login page title
15:44:10.862 [main] INFO  com.qa.opencart.utils.WebDriverUtils - Title of the page is :: Account Login
15:44:10.982 [main] INFO  com.qa.opencart.testcase.LoginPageTest - Wait for login page load
15:44:10.997 [main] INFO  com.qa.opencart.testcase.LoginPageTest - Verifying the Login Page Elements
15:44:10.997 [main] INFO  com.qa.opencart.pages.LoginPage - Return customer header text is present or not
15:44:11.045 [main] INFO  com.qa.opencart.utils.WebDriverUtils - Element is displayed::[[ChromeDriver: chrome on windows (7d20f17102b9f7f28112e2c198901f64)] -> xpath: //h2[normalize-space()='Returning Customer']]
15:44:11.045 [main] INFO  com.qa.opencart.pages.LoginPage - Login Icon is present
15:44:11.090 [main] INFO  com.qa.opencart.utils.WebDriverUtils - Element is displayed::[[ChromeDriver: chrome on windows (7d20f17102b9f7f28112e2c198901f64)] -> css selector: .breadcrumb>li:nth-child(3)>a]
15:44:11.090 [main] INFO  com.qa.opencart.pages.LoginPage - new customer header text is present or not
15:44:11.139 [main] INFO  com.qa.opencart.utils.WebDriverUtils - Element is displayed::[[ChromeDriver: chrome on windows (7d20f17102b9f7f28112e2c198901f64)] -> xpath: //h2[normalize-space()='New Customer']]
15:44:11.253 [main] INFO  com.qa.opencart.testcase.LoginPageTest - Wait for login page load
15:44:11.267 [main] INFO  com.qa.opencart.testcase.LoginPageTest - Navigate to registration page
15:44:11.267 [main] INFO  com.qa.opencart.pages.LoginPage - click on the customer continue button
15:44:14.557 [main] INFO  com.qa.opencart.testcase.LoginPageTest - Verify the registration page title
15:44:14.571 [main] INFO  com.qa.opencart.utils.WebDriverUtils - Title of the page is :: Register Account
15:44:14.571 [main] INFO  com.qa.opencart.testcase.LoginPageTest - click back to go to the login page
15:44:15.191 [main] INFO  com.qa.opencart.utils.WebDriverUtils - Navigate back
15:44:15.336 [main] INFO  com.qa.opencart.testcase.LoginPageTest - Wait for login page load
15:44:15.356 [main] INFO  com.qa.opencart.testcase.LoginPageTest - Navigate to forgetpassword page
15:44:15.356 [main] INFO  com.qa.opencart.pages.LoginPage - click on the forgot password link
15:44:18.233 [main] INFO  com.qa.opencart.testcase.LoginPageTest - Verify the forgot page title
15:44:18.239 [main] INFO  com.qa.opencart.utils.WebDriverUtils - Title of the page is :: Forgot Your Password?
15:44:18.239 [main] INFO  com.qa.opencart.testcase.LoginPageTest - click back to go to the login page
15:44:18.239 [main] INFO  com.qa.opencart.pages.ForgotPasswordPage - Click on the Back Button
15:44:21.224 [main] INFO  com.qa.opencart.testcase.LoginPageTest - Wait for login page load
15:44:21.247 [main] INFO  com.qa.opencart.testcase.LoginPageTest - click login withb empty credentials
15:44:21.247 [main] INFO  com.qa.opencart.pages.LoginPage - Performing the Login Operations
15:44:25.807 [main] INFO  com.qa.opencart.pages.LoginPage - Click on Login button
15:44:28.739 [main] INFO  com.qa.opencart.testcase.LoginPageTest - Verify the Error message
15:44:28.740 [main] INFO  com.qa.opencart.pages.LoginPage - Get the error message text
15:44:29.085 [main] INFO  com.qa.opencart.testcase.LoginPageTest - Wait for login page load
15:44:29.116 [main] INFO  com.qa.opencart.testcase.LoginPageTest - Perform the Login Operation
15:44:29.116 [main] INFO  com.qa.opencart.pages.LoginPage - Performing the Login Operations
15:44:33.535 [main] INFO  com.qa.opencart.pages.LoginPage - Click on Login button
15:44:37.005 [main] INFO  com.qa.opencart.testcase.LoginPageTest - verify my account page title
15:44:37.015 [main] INFO  com.qa.opencart.utils.WebDriverUtils - Title of the page is :: My Account
15:44:37.181 [main] INFO  com.qa.opencart.testcase.LoginPageTest - Wait for login page load
15:44:37.200 [main] INFO  com.qa.opencart.testcase.LoginPageTest - Click on the logout link
15:44:37.200 [main] INFO  com.qa.opencart.pages.MyAccountPage - Click on the logout link
15:53:05.970 [main] INFO  com.qa.opencart.factory.WebDriverFactory - clear the cache/cookies 
15:53:05.993 [main] INFO  com.qa.opencart.factory.WebDriverFactory - adding implicit wait 
15:53:06.006 [main] INFO  com.qa.opencart.factory.WebDriverFactory - maximize the window
15:53:06.138 [main] INFO  com.qa.opencart.factory.TestBase - create object for WebDriverWait class
15:53:08.763 [main] INFO  com.qa.opencart.testcase.HomePageTest - Initializing the pageclass object
15:53:09.056 [main] INFO  com.qa.opencart.testcase.HomePageTest - Verify the open cart logo
15:53:09.056 [main] INFO  com.qa.opencart.pages.HomePage - Verifying is opencart logo is displayed or not
15:53:09.142 [main] INFO  com.qa.opencart.utils.WebDriverUtils - Element is displayed::[[ChromeDriver: chrome on windows (ae9aa4c485649b2f5c92663efc18dd52)] -> css selector: #logo>a>img]
15:53:09.373 [main] INFO  com.qa.opencart.utils.WebDriverUtils - Title of the page is :: Your Store
15:53:09.400 [main] INFO  com.qa.opencart.testcase.HomePageTest - Verify the open cart Title
15:53:09.408 [main] INFO  com.qa.opencart.utils.WebDriverUtils - Title of the page is :: Your Store
15:53:09.561 [main] INFO  com.qa.opencart.utils.WebDriverUtils - Title of the page is :: Your Store
15:53:09.586 [main] INFO  com.qa.opencart.testcase.HomePageTest - Verify the Feature count test
15:53:09.587 [main] INFO  com.qa.opencart.pages.HomePage - number of featured sections
15:53:09.771 [main] INFO  com.qa.opencart.utils.WebDriverUtils - Title of the page is :: Your Store
15:53:09.800 [main] INFO  com.qa.opencart.testcase.HomePageTest - Navigate to register page
15:53:09.800 [main] INFO  com.qa.opencart.pages.HomePage - Navigating to register page
15:53:09.800 [main] INFO  com.qa.opencart.pages.HomePage - Clicking on MyAccount menu
15:53:15.285 [main] INFO  com.qa.opencart.testcase.HomePageTest - Verify the Registration page
15:53:15.294 [main] INFO  com.qa.opencart.utils.WebDriverUtils - Title of the page is :: Register Account
15:53:15.294 [main] INFO  com.qa.opencart.pages.RegistrationPage - Click on the home icon
15:53:18.186 [main] INFO  com.qa.opencart.utils.WebDriverUtils - Title of the page is :: Your Store
15:53:18.203 [main] INFO  com.qa.opencart.testcase.HomePageTest - Navigate to login page
15:53:18.203 [main] INFO  com.qa.opencart.pages.HomePage - Navigating to login page
15:53:18.218 [main] INFO  com.qa.opencart.pages.HomePage - Clicking on MyAccount menu
15:53:24.355 [main] INFO  com.qa.opencart.testcase.HomePageTest - Verify the login page
15:53:24.366 [main] INFO  com.qa.opencart.utils.WebDriverUtils - Title of the page is :: Account Login
15:53:24.366 [main] INFO  com.qa.opencart.pages.LoginPage - Click on the Home page icon
15:53:27.773 [main] INFO  com.qa.opencart.utils.WebDriverUtils - Title of the page is :: Your Store
15:53:30.076 [main] INFO  com.qa.opencart.factory.WebDriverFactory - clear the cache/cookies 
15:53:30.095 [main] INFO  com.qa.opencart.factory.WebDriverFactory - adding implicit wait 
15:53:30.098 [main] INFO  com.qa.opencart.factory.WebDriverFactory - maximize the window
15:53:30.229 [main] INFO  com.qa.opencart.factory.TestBase - create object for WebDriverWait class
15:53:33.454 [main] INFO  com.qa.opencart.testcase.LoginPageTest - Initalizing the page object classes
15:53:33.463 [main] INFO  com.qa.opencart.testcase.LoginPageTest - Navigate to Home page
15:53:33.463 [main] INFO  com.qa.opencart.pages.HomePage - Navigating to login page
15:53:33.463 [main] INFO  com.qa.opencart.pages.HomePage - Clicking on MyAccount menu
15:53:38.399 [main] INFO  com.qa.opencart.testcase.LoginPageTest - Verifying the Login url
15:53:38.562 [main] INFO  com.qa.opencart.testcase.LoginPageTest - Verifying the Login page title
15:53:38.569 [main] INFO  com.qa.opencart.utils.WebDriverUtils - Title of the page is :: Account Login
15:53:38.702 [main] INFO  com.qa.opencart.testcase.LoginPageTest - Verifying the Login Page Elements
15:53:38.703 [main] INFO  com.qa.opencart.pages.LoginPage - Return customer header text is present or not
15:53:38.741 [main] INFO  com.qa.opencart.utils.WebDriverUtils - Element is displayed::[[ChromeDriver: chrome on windows (e5901f15d04574a3fb97bd0bce07110c)] -> xpath: //h2[normalize-space()='Returning Customer']]
15:53:38.743 [main] INFO  com.qa.opencart.pages.LoginPage - Login Icon is present
15:53:38.783 [main] INFO  com.qa.opencart.utils.WebDriverUtils - Element is displayed::[[ChromeDriver: chrome on windows (e5901f15d04574a3fb97bd0bce07110c)] -> css selector: .breadcrumb>li:nth-child(3)>a]
15:53:38.783 [main] INFO  com.qa.opencart.pages.LoginPage - new customer header text is present or not
15:53:38.821 [main] INFO  com.qa.opencart.utils.WebDriverUtils - Element is displayed::[[ChromeDriver: chrome on windows (e5901f15d04574a3fb97bd0bce07110c)] -> xpath: //h2[normalize-space()='New Customer']]
15:53:38.930 [main] INFO  com.qa.opencart.testcase.LoginPageTest - Navigate to registration page
15:53:38.930 [main] INFO  com.qa.opencart.pages.LoginPage - click on the customer continue button
15:53:42.291 [main] INFO  com.qa.opencart.testcase.LoginPageTest - Verify the registration page title
15:53:42.297 [main] INFO  com.qa.opencart.utils.WebDriverUtils - Title of the page is :: Register Account
15:53:42.297 [main] INFO  com.qa.opencart.testcase.LoginPageTest - click back to go to the login page
15:53:42.764 [main] INFO  com.qa.opencart.utils.WebDriverUtils - Navigate back
15:53:42.895 [main] INFO  com.qa.opencart.testcase.LoginPageTest - Navigate to forgetpassword page
15:53:42.895 [main] INFO  com.qa.opencart.pages.LoginPage - click on the forgot password link
15:53:45.834 [main] INFO  com.qa.opencart.testcase.LoginPageTest - Verify the forgot page title
15:53:45.844 [main] INFO  com.qa.opencart.utils.WebDriverUtils - Title of the page is :: Forgot Your Password?
15:53:45.845 [main] INFO  com.qa.opencart.testcase.LoginPageTest - click back to go to the login page
15:53:45.845 [main] INFO  com.qa.opencart.pages.ForgotPasswordPage - Click on the Back Button
15:53:48.630 [main] INFO  com.qa.opencart.testcase.LoginPageTest - click login withb empty credentials
15:53:48.630 [main] INFO  com.qa.opencart.pages.LoginPage - Performing the Login Operations
15:53:53.119 [main] INFO  com.qa.opencart.pages.LoginPage - Click on Login button
15:53:56.595 [main] INFO  com.qa.opencart.testcase.LoginPageTest - Verify the Error message
15:53:56.597 [main] INFO  com.qa.opencart.pages.LoginPage - Get the error message text
15:53:56.766 [main] INFO  com.qa.opencart.testcase.LoginPageTest - Perform the Login Operation
15:53:56.771 [main] INFO  com.qa.opencart.pages.LoginPage - Performing the Login Operations
15:54:01.232 [main] INFO  com.qa.opencart.pages.LoginPage - Click on Login button
15:54:04.252 [main] INFO  com.qa.opencart.testcase.LoginPageTest - verify my account page title
15:54:04.259 [main] INFO  com.qa.opencart.utils.WebDriverUtils - Title of the page is :: My Account
15:54:04.406 [main] INFO  com.qa.opencart.testcase.LoginPageTest - Click on the logout link
15:54:04.406 [main] INFO  com.qa.opencart.pages.MyAccountPage - Click on the logout link
15:57:49.910 [main] INFO  com.qa.opencart.factory.WebDriverFactory - clear the cache/cookies 
15:57:49.934 [main] INFO  com.qa.opencart.factory.WebDriverFactory - adding implicit wait 
15:57:49.946 [main] INFO  com.qa.opencart.factory.WebDriverFactory - maximize the window
15:57:50.073 [main] INFO  com.qa.opencart.factory.TestBase - create object for WebDriverWait class
15:57:52.599 [main] INFO  com.qa.opencart.testcase.LoginPageTest - Initalizing the page object classes
15:57:52.687 [main] INFO  com.qa.opencart.testcase.LoginPageTest - Navigate to Home page
15:57:52.687 [main] INFO  com.qa.opencart.pages.HomePage - Navigating to login page
15:57:52.687 [main] INFO  com.qa.opencart.pages.HomePage - Clicking on MyAccount menu
15:57:57.822 [main] INFO  com.qa.opencart.testcase.LoginPageTest - Perform the Login Operation
15:57:57.822 [main] INFO  com.qa.opencart.pages.LoginPage - Performing the Login Operations
15:58:02.347 [main] INFO  com.qa.opencart.pages.LoginPage - Click on Login button
15:58:06.959 [main] INFO  com.qa.opencart.testcase.LoginPageTest - verify my account page title
15:58:06.972 [main] INFO  com.qa.opencart.utils.WebDriverUtils - Title of the page is :: My Account
15:58:07.175 [main] INFO  com.qa.opencart.testcase.LoginPageTest - Click on the logout link
15:58:07.176 [main] INFO  com.qa.opencart.pages.MyAccountPage - Click on the logout link
15:59:16.175 [main] INFO  com.qa.opencart.factory.WebDriverFactory - clear the cache/cookies 
15:59:16.202 [main] INFO  com.qa.opencart.factory.WebDriverFactory - adding implicit wait 
15:59:16.215 [main] INFO  com.qa.opencart.factory.WebDriverFactory - maximize the window
15:59:16.341 [main] INFO  com.qa.opencart.factory.TestBase - create object for WebDriverWait class
15:59:19.202 [main] INFO  com.qa.opencart.testcase.LoginPageTest - Initalizing the page object classes
15:59:19.258 [main] INFO  com.qa.opencart.testcase.LoginPageTest - Navigate to Home page
15:59:19.258 [main] INFO  com.qa.opencart.pages.HomePage - Navigating to login page
15:59:19.258 [main] INFO  com.qa.opencart.pages.HomePage - Clicking on MyAccount menu
15:59:24.511 [main] INFO  com.qa.opencart.testcase.LoginPageTest - Verifying the Login url
15:59:24.883 [main] INFO  com.qa.opencart.testcase.LoginPageTest - Verifying the Login page title
15:59:24.883 [main] INFO  com.qa.opencart.utils.WebDriverUtils - Title of the page is :: Account Login
15:59:25.046 [main] INFO  com.qa.opencart.testcase.LoginPageTest - Verifying the Login Page Elements
15:59:25.046 [main] INFO  com.qa.opencart.pages.LoginPage - Return customer header text is present or not
15:59:25.087 [main] INFO  com.qa.opencart.utils.WebDriverUtils - Element is displayed::[[ChromeDriver: chrome on windows (1b199c180527dc860f8b316851c57b48)] -> xpath: //h2[normalize-space()='Returning Customer']]
15:59:25.087 [main] INFO  com.qa.opencart.pages.LoginPage - Login Icon is present
15:59:25.151 [main] INFO  com.qa.opencart.utils.WebDriverUtils - Element is displayed::[[ChromeDriver: chrome on windows (1b199c180527dc860f8b316851c57b48)] -> css selector: .breadcrumb>li:nth-child(3)>a]
15:59:25.151 [main] INFO  com.qa.opencart.pages.LoginPage - new customer header text is present or not
15:59:25.198 [main] INFO  com.qa.opencart.utils.WebDriverUtils - Element is displayed::[[ChromeDriver: chrome on windows (1b199c180527dc860f8b316851c57b48)] -> xpath: //h2[normalize-space()='New Customer']]
15:59:25.340 [main] INFO  com.qa.opencart.testcase.LoginPageTest - Navigate to registration page
15:59:25.340 [main] INFO  com.qa.opencart.pages.LoginPage - click on the customer continue button
15:59:28.748 [main] INFO  com.qa.opencart.testcase.LoginPageTest - Verify the registration page title
15:59:28.759 [main] INFO  com.qa.opencart.utils.WebDriverUtils - Title of the page is :: Register Account
15:59:28.759 [main] INFO  com.qa.opencart.testcase.LoginPageTest - click back to go to the login page
15:59:29.319 [main] INFO  com.qa.opencart.utils.WebDriverUtils - Navigate back
15:59:29.468 [main] INFO  com.qa.opencart.testcase.LoginPageTest - Navigate to forgetpassword page
15:59:29.468 [main] INFO  com.qa.opencart.pages.LoginPage - click on the forgot password link
15:59:33.294 [main] INFO  com.qa.opencart.testcase.LoginPageTest - Verify the forgot page title
15:59:33.304 [main] INFO  com.qa.opencart.utils.WebDriverUtils - Title of the page is :: Forgot Your Password?
15:59:33.304 [main] INFO  com.qa.opencart.testcase.LoginPageTest - click back to go to the login page
15:59:33.305 [main] INFO  com.qa.opencart.pages.ForgotPasswordPage - Click on the Back Button
15:59:37.949 [main] INFO  com.qa.opencart.testcase.LoginPageTest - click login withb empty credentials
15:59:37.949 [main] INFO  com.qa.opencart.pages.LoginPage - Performing the Login Operations
15:59:42.412 [main] INFO  com.qa.opencart.pages.LoginPage - Click on Login button
15:59:45.375 [main] INFO  com.qa.opencart.testcase.LoginPageTest - Verify the Error message
15:59:45.376 [main] INFO  com.qa.opencart.pages.LoginPage - Get the error message text
15:59:45.565 [main] INFO  com.qa.opencart.testcase.LoginPageTest - Perform the Login Operation
15:59:45.566 [main] INFO  com.qa.opencart.pages.LoginPage - Performing the Login Operations
15:59:50.022 [main] INFO  com.qa.opencart.pages.LoginPage - Click on Login button
15:59:53.246 [main] INFO  com.qa.opencart.testcase.LoginPageTest - verify my account page title
15:59:53.257 [main] INFO  com.qa.opencart.utils.WebDriverUtils - Title of the page is :: My Account
15:59:53.400 [main] INFO  com.qa.opencart.testcase.LoginPageTest - Click on the logout link
15:59:53.400 [main] INFO  com.qa.opencart.pages.MyAccountPage - Click on the logout link
16:01:32.359 [main] INFO  com.qa.opencart.factory.WebDriverFactory - clear the cache/cookies 
16:01:32.384 [main] INFO  com.qa.opencart.factory.WebDriverFactory - adding implicit wait 
16:01:32.395 [main] INFO  com.qa.opencart.factory.WebDriverFactory - maximize the window
16:01:32.515 [main] INFO  com.qa.opencart.factory.TestBase - create object for WebDriverWait class
16:01:35.215 [main] INFO  com.qa.opencart.testcase.LoginPageTest - Initalizing the page object classes
16:01:35.315 [main] INFO  com.qa.opencart.testcase.LoginPageTest - Navigate to Home page
16:01:35.315 [main] INFO  com.qa.opencart.pages.HomePage - Navigating to login page
16:01:35.315 [main] INFO  com.qa.opencart.pages.HomePage - Clicking on MyAccount menu
16:01:40.379 [main] INFO  com.qa.opencart.testcase.LoginPageTest - Wait for login page load
16:01:40.611 [main] INFO  com.qa.opencart.testcase.LoginPageTest - Verifying the Login url
16:01:40.830 [main] INFO  com.qa.opencart.testcase.LoginPageTest - Wait for login page load
16:01:40.839 [main] INFO  com.qa.opencart.testcase.LoginPageTest - Verifying the Login page title
16:01:40.854 [main] INFO  com.qa.opencart.utils.WebDriverUtils - Title of the page is :: Account Login
16:01:40.991 [main] INFO  com.qa.opencart.testcase.LoginPageTest - Wait for login page load
16:01:41.023 [main] INFO  com.qa.opencart.testcase.LoginPageTest - Verifying the Login Page Elements
16:01:41.023 [main] INFO  com.qa.opencart.pages.LoginPage - Return customer header text is present or not
16:01:41.071 [main] INFO  com.qa.opencart.utils.WebDriverUtils - Element is displayed::[[ChromeDriver: chrome on windows (be85e4deb5cefaa33c2b51640dca27ed)] -> xpath: //h2[normalize-space()='Returning Customer']]
16:01:41.071 [main] INFO  com.qa.opencart.pages.LoginPage - Login Icon is present
16:01:41.118 [main] INFO  com.qa.opencart.utils.WebDriverUtils - Element is displayed::[[ChromeDriver: chrome on windows (be85e4deb5cefaa33c2b51640dca27ed)] -> css selector: .breadcrumb>li:nth-child(3)>a]
16:01:41.118 [main] INFO  com.qa.opencart.pages.LoginPage - new customer header text is present or not
16:01:41.181 [main] INFO  com.qa.opencart.utils.WebDriverUtils - Element is displayed::[[ChromeDriver: chrome on windows (be85e4deb5cefaa33c2b51640dca27ed)] -> xpath: //h2[normalize-space()='New Customer']]
16:01:41.324 [main] INFO  com.qa.opencart.testcase.LoginPageTest - Wait for login page load
16:01:41.356 [main] INFO  com.qa.opencart.testcase.LoginPageTest - Navigate to registration page
16:01:41.356 [main] INFO  com.qa.opencart.pages.LoginPage - click on the customer continue button
16:01:44.693 [main] INFO  com.qa.opencart.testcase.LoginPageTest - Verify the registration page title
16:01:44.703 [main] INFO  com.qa.opencart.utils.WebDriverUtils - Title of the page is :: Register Account
16:01:44.703 [main] INFO  com.qa.opencart.testcase.LoginPageTest - click back to go to the login page
16:01:45.317 [main] INFO  com.qa.opencart.utils.WebDriverUtils - Navigate back
16:01:45.470 [main] INFO  com.qa.opencart.testcase.LoginPageTest - Wait for login page load
16:01:45.487 [main] INFO  com.qa.opencart.testcase.LoginPageTest - Navigate to forgetpassword page
16:01:45.487 [main] INFO  com.qa.opencart.pages.LoginPage - click on the forgot password link
16:01:49.830 [main] INFO  com.qa.opencart.testcase.LoginPageTest - Verify the forgot page title
16:01:49.847 [main] INFO  com.qa.opencart.utils.WebDriverUtils - Title of the page is :: Forgot Your Password?
16:01:49.847 [main] INFO  com.qa.opencart.testcase.LoginPageTest - click back to go to the login page
16:01:49.847 [main] INFO  com.qa.opencart.pages.ForgotPasswordPage - Click on the Back Button
16:01:52.928 [main] INFO  com.qa.opencart.testcase.LoginPageTest - Wait for login page load
16:01:52.953 [main] INFO  com.qa.opencart.testcase.LoginPageTest - click login withb empty credentials
16:01:52.953 [main] INFO  com.qa.opencart.pages.LoginPage - Performing the Login Operations
16:01:57.551 [main] INFO  com.qa.opencart.pages.LoginPage - Click on Login button
16:02:00.549 [main] INFO  com.qa.opencart.testcase.LoginPageTest - Verify the Error message
16:02:00.549 [main] INFO  com.qa.opencart.pages.LoginPage - Get the error message text
16:02:00.749 [main] INFO  com.qa.opencart.testcase.LoginPageTest - Wait for login page load
16:02:00.770 [main] INFO  com.qa.opencart.testcase.LoginPageTest - Perform the Login Operation
16:02:00.771 [main] INFO  com.qa.opencart.pages.LoginPage - Performing the Login Operations
16:02:05.204 [main] INFO  com.qa.opencart.pages.LoginPage - Click on Login button
16:02:08.468 [main] INFO  com.qa.opencart.testcase.LoginPageTest - verify my account page title
16:02:08.479 [main] INFO  com.qa.opencart.utils.WebDriverUtils - Title of the page is :: My Account
16:02:08.645 [main] INFO  com.qa.opencart.testcase.LoginPageTest - Wait for login page load
16:02:08.668 [main] INFO  com.qa.opencart.testcase.LoginPageTest - Click on the logout link
16:02:08.668 [main] INFO  com.qa.opencart.pages.MyAccountPage - Click on the logout link
16:02:11.827 [main] INFO  com.qa.opencart.testcase.LoginPageTest - verify the logout page title
16:02:11.837 [main] INFO  com.qa.opencart.utils.WebDriverUtils - Title of the page is :: Account Logout
16:02:11.838 [main] INFO  com.qa.opencart.testcase.LoginPageTest - Click on continue button
16:02:11.838 [main] INFO  com.qa.opencart.pages.LogoutPage - Click on continue Button
16:02:14.582 [main] INFO  com.qa.opencart.testcase.LoginPageTest - Verify the home page title
16:02:14.583 [main] INFO  com.qa.opencart.utils.WebDriverUtils - Title of the page is :: Your Store
